DEBUG http-nio-8083-exec-5 druid.sql.Statement - {conn-10001, pstmt-20003} closed
DEBUG http-nio-8083-exec-5 druid.sql.Connection - {conn-10001} pool-recycle
DEBUG http-nio-8083-exec-6 druid.sql.Connection - {conn-10001} pool-connect
DEBUG http-nio-8083-exec-6 druid.sql.Statement - {conn-10001, pstmt-20004} created. select * from `mail`
DEBUG http-nio-8083-exec-6 druid.sql.Statement - {conn-10001, pstmt-20004} Parameters : []
DEBUG http-nio-8083-exec-6 druid.sql.Statement - {conn-10001, pstmt-20004} Types : []
DEBUG http-nio-8083-exec-6 druid.sql.Statement - {conn-10001, pstmt-20004} executed. 39.7942 millis. select * from `mail`
DEBUG http-nio-8083-exec-6 druid.sql.ResultSet - {conn-10001, pstmt-20004, rs-50003} open
DEBUG http-nio-8083-exec-6 druid.sql.ResultSet - {conn-10001, pstmt-20004, rs-50003} Header: [num, count, name, to, from, subject, text]
DEBUG http-nio-8083-exec-6 druid.sql.ResultSet - {conn-10001, pstmt-20004, rs-50003} closed
DEBUG http-nio-8083-exec-6 druid.sql.Statement - {conn-10001, pstmt-20004} closed
DEBUG http-nio-8083-exec-6 druid.sql.Connection - {conn-10001} pool-recycle
DEBUG http-nio-8083-exec-7 druid.sql.Connection - {conn-10001} pool-connect
DEBUG http-nio-8083-exec-7 druid.sql.Statement - {conn-10001, pstmt-20005} created. select * from `mail`
DEBUG http-nio-8083-exec-7 druid.sql.Statement - {conn-10001, pstmt-20005} Parameters : []
DEBUG http-nio-8083-exec-7 druid.sql.Statement - {conn-10001, pstmt-20005} Types : []
DEBUG http-nio-8083-exec-7 druid.sql.Statement - {conn-10001, pstmt-20005} executed. 47.8574 millis. select * from `mail`
DEBUG http-nio-8083-exec-7 druid.sql.ResultSet - {conn-10001, pstmt-20005, rs-50004} open
DEBUG http-nio-8083-exec-7 druid.sql.ResultSet - {conn-10001, pstmt-20005, rs-50004} Header: [num, count, name, to, from, subject, text]
DEBUG http-nio-8083-exec-7 druid.sql.ResultSet - {conn-10001, pstmt-20005, rs-50004} closed
DEBUG http-nio-8083-exec-7 druid.sql.Statement - {conn-10001, pstmt-20005} closed
DEBUG http-nio-8083-exec-7 druid.sql.Connection - {conn-10001} pool-recycle
DEBUG http-nio-8083-exec-3 druid.sql.Connection - {conn-10001} pool-connect
DEBUG http-nio-8083-exec-3 druid.sql.Statement - {conn-10001, pstmt-20006} created. insert into mail(`num`, `count`, `name`, `to`, `from`, `subject`, `text`) values(?, ?, ?, ?, ?, ?, ?)
DEBUG http-nio-8083-exec-3 druid.sql.Statement - {conn-10001, pstmt-20006} Parameters : [1, 0, 熊舟桐, northboat@163.com, northboat@qq.com, test, hahaha]
DEBUG http-nio-8083-exec-3 druid.sql.Statement - {conn-10001, pstmt-20006} Types : [INTEGER, INTEGER, VARCHAR, VARCHAR, VARCHAR, VARCHAR, VARCHAR]
DEBUG http-nio-8083-exec-3 druid.sql.Statement - {conn-10001, pstmt-20006} executed. 83.7542 millis. insert into mail(`num`, `count`, `name`, `to`, `from`, `subject`, `text`) values(?, ?, ?, ?, ?, ?, ?)
DEBUG http-nio-8083-exec-3 druid.sql.Statement - {conn-10001, pstmt-20006} closed
DEBUG http-nio-8083-exec-3 druid.sql.Connection - {conn-10001} pool-recycle
DEBUG http-nio-8083-exec-2 druid.sql.Connection - {conn-10001} pool-connect
DEBUG http-nio-8083-exec-2 druid.sql.Statement - {conn-10001, pstmt-20007} created. select * from `mail`
DEBUG http-nio-8083-exec-2 druid.sql.Statement - {conn-10001, pstmt-20007} Parameters : []
DEBUG http-nio-8083-exec-2 druid.sql.Statement - {conn-10001, pstmt-20007} Types : []
DEBUG http-nio-8083-exec-2 druid.sql.Statement - {conn-10001, pstmt-20007} executed. 39.9834 millis. select * from `mail`
DEBUG http-nio-8083-exec-2 druid.sql.ResultSet - {conn-10001, pstmt-20007, rs-50005} open
DEBUG http-nio-8083-exec-2 druid.sql.ResultSet - {conn-10001, pstmt-20007, rs-50005} Header: [num, count, name, to, from, subject, text]
DEBUG http-nio-8083-exec-2 druid.sql.ResultSet - {conn-10001, pstmt-20007, rs-50005} Result: [1, 0, 熊舟桐, northboat@163.com, northboat@qq.com, test, hahaha]
DEBUG http-nio-8083-exec-2 druid.sql.ResultSet - {conn-10001, pstmt-20007, rs-50005} closed
DEBUG http-nio-8083-exec-2 druid.sql.Statement - {conn-10001, pstmt-20007} closed
DEBUG http-nio-8083-exec-2 druid.sql.Connection - {conn-10001} pool-recycle
DEBUG http-nio-8083-exec-5 druid.sql.Connection - {conn-10001} pool-connect
DEBUG http-nio-8083-exec-5 druid.sql.Statement - {conn-10001, pstmt-20008} created. select * from `mail`
DEBUG http-nio-8083-exec-5 druid.sql.Statement - {conn-10001, pstmt-20008} Parameters : []
DEBUG http-nio-8083-exec-5 druid.sql.Statement - {conn-10001, pstmt-20008} Types : []
DEBUG http-nio-8083-exec-5 druid.sql.Statement - {conn-10001, pstmt-20008} executed. 40.123 millis. select * from `mail`
DEBUG http-nio-8083-exec-5 druid.sql.ResultSet - {conn-10001, pstmt-20008, rs-50006} open
DEBUG http-nio-8083-exec-5 druid.sql.ResultSet - {conn-10001, pstmt-20008, rs-50006} Header: [num, count, name, to, from, subject, text]
DEBUG http-nio-8083-exec-5 druid.sql.ResultSet - {conn-10001, pstmt-20008, rs-50006} Result: [1, 0, 熊舟桐, northboat@163.com, northboat@qq.com, test, hahaha]
DEBUG http-nio-8083-exec-5 druid.sql.ResultSet - {conn-10001, pstmt-20008, rs-50006} closed
DEBUG http-nio-8083-exec-5 druid.sql.Statement - {conn-10001, pstmt-20008} closed
DEBUG http-nio-8083-exec-5 druid.sql.Connection - {conn-10001} pool-recycle
DEBUG http-nio-8083-exec-1 druid.sql.Connection - {conn-10001} pool-connect
DEBUG http-nio-8083-exec-1 druid.sql.Statement - {conn-10001, pstmt-20009} created. select * from `mail`
DEBUG http-nio-8083-exec-1 druid.sql.Statement - {conn-10001, pstmt-20009} Parameters : []
DEBUG http-nio-8083-exec-1 druid.sql.Statement - {conn-10001, pstmt-20009} Types : []
DEBUG http-nio-8083-exec-1 druid.sql.Statement - {conn-10001, pstmt-20009} executed. 40.2265 millis. select * from `mail`
DEBUG http-nio-8083-exec-1 druid.sql.ResultSet - {conn-10001, pstmt-20009, rs-50007} open
DEBUG http-nio-8083-exec-1 druid.sql.ResultSet - {conn-10001, pstmt-20009, rs-50007} Header: [num, count, name, to, from, subject, text]
DEBUG http-nio-8083-exec-1 druid.sql.ResultSet - {conn-10001, pstmt-20009, rs-50007} Result: [1, 0, 熊舟桐, northboat@163.com, northboat@qq.com, test, hahaha]
DEBUG http-nio-8083-exec-1 druid.sql.ResultSet - {conn-10001, pstmt-20009, rs-50007} closed
DEBUG http-nio-8083-exec-1 druid.sql.Statement - {conn-10001, pstmt-20009} closed
DEBUG http-nio-8083-exec-1 druid.sql.Connection - {conn-10001} pool-recycle
DEBUG Druid-ConnectionPool-Create-1590129879 druid.sql.Connection - {conn-10001,procId-797} connected
DEBUG http-nio-8083-exec-10 druid.sql.Connection - {conn-10001} pool-connect
DEBUG http-nio-8083-exec-10 druid.sql.Statement - {conn-10001, pstmt-20000} created. select * from `mail`
DEBUG http-nio-8083-exec-10 druid.sql.Statement - {conn-10001, pstmt-20000} Parameters : []
DEBUG http-nio-8083-exec-10 druid.sql.Statement - {conn-10001, pstmt-20000} Types : []
DEBUG http-nio-8083-exec-10 druid.sql.Statement - {conn-10001, pstmt-20000} executed. 45.4329 millis. select * from `mail`
DEBUG http-nio-8083-exec-10 druid.sql.ResultSet - {conn-10001, pstmt-20000, rs-50000} open
DEBUG http-nio-8083-exec-10 druid.sql.ResultSet - {conn-10001, pstmt-20000, rs-50000} Header: [num, count, name, to, from, subject, text]
DEBUG http-nio-8083-exec-10 druid.sql.ResultSet - {conn-10001, pstmt-20000, rs-50000} Result: [1, 0, 熊舟桐, northboat@163.com, northboat@qq.com, test, hahaha]
DEBUG http-nio-8083-exec-10 druid.sql.ResultSet - {conn-10001, pstmt-20000, rs-50000} closed
DEBUG http-nio-8083-exec-10 druid.sql.Statement - {conn-10001, pstmt-20000} closed
DEBUG http-nio-8083-exec-10 druid.sql.Connection - {conn-10001} pool-recycle
DEBUG http-nio-8083-exec-1 druid.sql.Connection - {conn-10001} pool-connect
DEBUG http-nio-8083-exec-1 druid.sql.Statement - {conn-10001, pstmt-20001} created. select * from `mail`
DEBUG http-nio-8083-exec-1 druid.sql.Statement - {conn-10001, pstmt-20001} Parameters : []
DEBUG http-nio-8083-exec-1 druid.sql.Statement - {conn-10001, pstmt-20001} Types : []
DEBUG http-nio-8083-exec-1 druid.sql.Statement - {conn-10001, pstmt-20001} executed. 39.9957 millis. select * from `mail`
DEBUG http-nio-8083-exec-1 druid.sql.ResultSet - {conn-10001, pstmt-20001, rs-50001} open
DEBUG http-nio-8083-exec-1 druid.sql.ResultSet - {conn-10001, pstmt-20001, rs-50001} Header: [num, count, name, to, from, subject, text]
DEBUG http-nio-8083-exec-1 druid.sql.ResultSet - {conn-10001, pstmt-20001, rs-50001} Result: [1, 0, 熊舟桐, northboat@163.com, northboat@qq.com, test, hahaha]
DEBUG http-nio-8083-exec-1 druid.sql.ResultSet - {conn-10001, pstmt-20001, rs-50001} closed
DEBUG http-nio-8083-exec-1 druid.sql.Statement - {conn-10001, pstmt-20001} closed
DEBUG http-nio-8083-exec-1 druid.sql.Connection - {conn-10001} pool-recycle
DEBUG Druid-ConnectionPool-Create-861017633 druid.sql.Connection - {conn-10001,procId-798} connected
DEBUG http-nio-8083-exec-4 druid.sql.Connection - {conn-10001} pool-connect
DEBUG http-nio-8083-exec-4 druid.sql.Statement - {conn-10001, pstmt-20000} created. select * from `mail`
DEBUG http-nio-8083-exec-4 druid.sql.Statement - {conn-10001, pstmt-20000} Parameters : []
DEBUG http-nio-8083-exec-4 druid.sql.Statement - {conn-10001, pstmt-20000} Types : []
DEBUG http-nio-8083-exec-4 druid.sql.Statement - {conn-10001, pstmt-20000} executed. 48.1866 millis. select * from `mail`
DEBUG http-nio-8083-exec-4 druid.sql.ResultSet - {conn-10001, pstmt-20000, rs-50000} open
DEBUG http-nio-8083-exec-4 druid.sql.ResultSet - {conn-10001, pstmt-20000, rs-50000} Header: [num, count, name, to, from, subject, text]
DEBUG http-nio-8083-exec-4 druid.sql.ResultSet - {conn-10001, pstmt-20000, rs-50000} Result: [1, 0, 熊舟桐, northboat@163.com, northboat@qq.com, test, hahaha]
DEBUG http-nio-8083-exec-4 druid.sql.ResultSet - {conn-10001, pstmt-20000, rs-50000} closed
DEBUG http-nio-8083-exec-4 druid.sql.Statement - {conn-10001, pstmt-20000} closed
DEBUG http-nio-8083-exec-4 druid.sql.Connection - {conn-10001} pool-recycle
DEBUG http-nio-8083-exec-1 druid.sql.Connection - {conn-10001} pool-connect
DEBUG http-nio-8083-exec-1 druid.sql.Statement - {conn-10001, pstmt-20001} created. select * from `mail`
DEBUG http-nio-8083-exec-1 druid.sql.Statement - {conn-10001, pstmt-20001} Parameters : []
DEBUG http-nio-8083-exec-1 druid.sql.Statement - {conn-10001, pstmt-20001} Types : []
DEBUG http-nio-8083-exec-1 druid.sql.Statement - {conn-10001, pstmt-20001} executed. 41.9233 millis. select * from `mail`
DEBUG http-nio-8083-exec-1 druid.sql.ResultSet - {conn-10001, pstmt-20001, rs-50001} open
DEBUG http-nio-8083-exec-1 druid.sql.ResultSet - {conn-10001, pstmt-20001, rs-50001} Header: [num, count, name, to, from, subject, text]
DEBUG http-nio-8083-exec-1 druid.sql.ResultSet - {conn-10001, pstmt-20001, rs-50001} Result: [1, 0, 熊舟桐, northboat@163.com, northboat@qq.com, test, hahaha]
DEBUG http-nio-8083-exec-1 druid.sql.ResultSet - {conn-10001, pstmt-20001, rs-50001} closed
DEBUG http-nio-8083-exec-1 druid.sql.Statement - {conn-10001, pstmt-20001} closed
DEBUG http-nio-8083-exec-1 druid.sql.Connection - {conn-10001} pool-recycle
DEBUG Druid-ConnectionPool-Create-1023409090 druid.sql.Connection - {conn-10001,procId-799} connected
DEBUG http-nio-8083-exec-8 druid.sql.Connection - {conn-10001} pool-connect
DEBUG http-nio-8083-exec-8 druid.sql.Statement - {conn-10001, pstmt-20000} created. select * from `mail`
DEBUG http-nio-8083-exec-8 druid.sql.Statement - {conn-10001, pstmt-20000} Parameters : []
DEBUG http-nio-8083-exec-8 druid.sql.Statement - {conn-10001, pstmt-20000} Types : []
DEBUG http-nio-8083-exec-8 druid.sql.Statement - {conn-10001, pstmt-20000} executed. 43.7733 millis. select * from `mail`
DEBUG http-nio-8083-exec-8 druid.sql.ResultSet - {conn-10001, pstmt-20000, rs-50000} open
DEBUG http-nio-8083-exec-8 druid.sql.ResultSet - {conn-10001, pstmt-20000, rs-50000} Header: [num, count, name, to, from, subject, text]
DEBUG http-nio-8083-exec-8 druid.sql.ResultSet - {conn-10001, pstmt-20000, rs-50000} Result: [1, 0, 熊舟桐, northboat@163.com, northboat@qq.com, test, hahaha]
DEBUG http-nio-8083-exec-8 druid.sql.ResultSet - {conn-10001, pstmt-20000, rs-50000} closed
DEBUG http-nio-8083-exec-8 druid.sql.Statement - {conn-10001, pstmt-20000} closed
DEBUG http-nio-8083-exec-8 druid.sql.Connection - {conn-10001} pool-recycle
DEBUG http-nio-8083-exec-9 druid.sql.Connection - {conn-10001} pool-connect
DEBUG http-nio-8083-exec-9 druid.sql.Statement - {conn-10001, pstmt-20001} created. select * from `mail`
DEBUG http-nio-8083-exec-9 druid.sql.Statement - {conn-10001, pstmt-20001} Parameters : []
DEBUG http-nio-8083-exec-9 druid.sql.Statement - {conn-10001, pstmt-20001} Types : []
DEBUG http-nio-8083-exec-9 druid.sql.Statement - {conn-10001, pstmt-20001} executed. 38.0863 millis. select * from `mail`
DEBUG http-nio-8083-exec-9 druid.sql.ResultSet - {conn-10001, pstmt-20001, rs-50001} open
DEBUG http-nio-8083-exec-9 druid.sql.ResultSet - {conn-10001, pstmt-20001, rs-50001} Header: [num, count, name, to, from, subject, text]
DEBUG http-nio-8083-exec-9 druid.sql.ResultSet - {conn-10001, pstmt-20001, rs-50001} Result: [1, 0, 熊舟桐, northboat@163.com, northboat@qq.com, test, hahaha]
DEBUG http-nio-8083-exec-9 druid.sql.ResultSet - {conn-10001, pstmt-20001, rs-50001} closed
DEBUG http-nio-8083-exec-9 druid.sql.Statement - {conn-10001, pstmt-20001} closed
DEBUG http-nio-8083-exec-9 druid.sql.Connection - {conn-10001} pool-recycle
DEBUG http-nio-8083-exec-9 druid.sql.Connection - {conn-10001} pool-connect
DEBUG http-nio-8083-exec-9 druid.sql.Statement - {conn-10001, pstmt-20002} created. delete from mail where `num` = ?
DEBUG http-nio-8083-exec-9 druid.sql.Statement - {conn-10001, pstmt-20002} Parameters : [1]
DEBUG http-nio-8083-exec-9 druid.sql.Statement - {conn-10001, pstmt-20002} Types : [INTEGER]
DEBUG http-nio-8083-exec-9 druid.sql.Statement - {conn-10001, pstmt-20002} executed. 77.3737 millis. delete from mail where `num` = ?
DEBUG http-nio-8083-exec-9 druid.sql.Statement - {conn-10001, pstmt-20002} closed
DEBUG http-nio-8083-exec-9 druid.sql.Connection - {conn-10001} pool-recycle
DEBUG http-nio-8083-exec-10 druid.sql.Connection - {conn-10001} pool-connect
DEBUG http-nio-8083-exec-10 druid.sql.Statement - {conn-10001, pstmt-20003} created. select * from `mail`
DEBUG http-nio-8083-exec-10 druid.sql.Statement - {conn-10001, pstmt-20003} Parameters : []
DEBUG http-nio-8083-exec-10 druid.sql.Statement - {conn-10001, pstmt-20003} Types : []
DEBUG http-nio-8083-exec-10 druid.sql.Statement - {conn-10001, pstmt-20003} executed. 38.2686 millis. select * from `mail`
DEBUG http-nio-8083-exec-10 druid.sql.ResultSet - {conn-10001, pstmt-20003, rs-50002} open
DEBUG http-nio-8083-exec-10 druid.sql.ResultSet - {conn-10001, pstmt-20003, rs-50002} Header: [num, count, name, to, from, subject, text]
DEBUG http-nio-8083-exec-10 druid.sql.ResultSet - {conn-10001, pstmt-20003, rs-50002} closed
DEBUG http-nio-8083-exec-10 druid.sql.Statement - {conn-10001, pstmt-20003} closed
DEBUG http-nio-8083-exec-10 druid.sql.Connection - {conn-10001} pool-recycle
DEBUG http-nio-8083-exec-6 druid.sql.Connection - {conn-10001} pool-connect
DEBUG http-nio-8083-exec-6 druid.sql.Statement - {conn-10001, pstmt-20004} created. insert into mail(`num`, `count`, `name`, `to`, `from`, `subject`, `text`) values(?, ?, ?, ?, ?, ?, ?)
DEBUG http-nio-8083-exec-6 druid.sql.Statement - {conn-10001, pstmt-20004} Parameters : [1, 0, 你爹, northboat@163.com, northboat@qq.com, 添加, 添加到数据库成功]
DEBUG http-nio-8083-exec-6 druid.sql.Statement - {conn-10001, pstmt-20004} Types : [INTEGER, INTEGER, VARCHAR, VARCHAR, VARCHAR, VARCHAR, VARCHAR]
DEBUG http-nio-8083-exec-6 druid.sql.Statement - {conn-10001, pstmt-20004} executed. 79.8847 millis. insert into mail(`num`, `count`, `name`, `to`, `from`, `subject`, `text`) values(?, ?, ?, ?, ?, ?, ?)
DEBUG http-nio-8083-exec-6 druid.sql.Statement - {conn-10001, pstmt-20004} closed
DEBUG http-nio-8083-exec-6 druid.sql.Connection - {conn-10001} pool-recycle
DEBUG http-nio-8083-exec-7 druid.sql.Connection - {conn-10001} pool-connect
DEBUG http-nio-8083-exec-7 druid.sql.Statement - {conn-10001, pstmt-20005} created. select * from `mail`
DEBUG http-nio-8083-exec-7 druid.sql.Statement - {conn-10001, pstmt-20005} Parameters : []
DEBUG http-nio-8083-exec-7 druid.sql.Statement - {conn-10001, pstmt-20005} Types : []
DEBUG http-nio-8083-exec-7 druid.sql.Statement - {conn-10001, pstmt-20005} executed. 36.7795 millis. select * from `mail`
DEBUG http-nio-8083-exec-7 druid.sql.ResultSet - {conn-10001, pstmt-20005, rs-50003} open
DEBUG http-nio-8083-exec-7 druid.sql.ResultSet - {conn-10001, pstmt-20005, rs-50003} Header: [num, count, name, to, from, subject, text]
DEBUG http-nio-8083-exec-7 druid.sql.ResultSet - {conn-10001, pstmt-20005, rs-50003} Result: [1, 0, 你爹, northboat@163.com, northboat@qq.com, 添加, 添加到数据库成功]
DEBUG http-nio-8083-exec-7 druid.sql.ResultSet - {conn-10001, pstmt-20005, rs-50003} closed
DEBUG http-nio-8083-exec-7 druid.sql.Statement - {conn-10001, pstmt-20005} closed
DEBUG http-nio-8083-exec-7 druid.sql.Connection - {conn-10001} pool-recycle
DEBUG http-nio-8083-exec-2 druid.sql.Connection - {conn-10001} pool-connect
DEBUG http-nio-8083-exec-2 druid.sql.Statement - {conn-10001, pstmt-20006} created. delete from mail where `num` = ?
DEBUG http-nio-8083-exec-2 druid.sql.Statement - {conn-10001, pstmt-20006} Parameters : [1]
DEBUG http-nio-8083-exec-2 druid.sql.Statement - {conn-10001, pstmt-20006} Types : [INTEGER]
DEBUG http-nio-8083-exec-2 druid.sql.Statement - {conn-10001, pstmt-20006} executed. 77.8143 millis. delete from mail where `num` = ?
DEBUG http-nio-8083-exec-2 druid.sql.Statement - {conn-10001, pstmt-20006} closed
DEBUG http-nio-8083-exec-2 druid.sql.Connection - {conn-10001} pool-recycle
DEBUG http-nio-8083-exec-8 druid.sql.Connection - {conn-10001} pool-connect
DEBUG http-nio-8083-exec-8 druid.sql.Statement - {conn-10001, pstmt-20007} created. select * from `mail`
DEBUG http-nio-8083-exec-8 druid.sql.Statement - {conn-10001, pstmt-20007} Parameters : []
DEBUG http-nio-8083-exec-8 druid.sql.Statement - {conn-10001, pstmt-20007} Types : []
DEBUG http-nio-8083-exec-8 druid.sql.Statement - {conn-10001, pstmt-20007} executed. 40.2385 millis. select * from `mail`
DEBUG http-nio-8083-exec-8 druid.sql.ResultSet - {conn-10001, pstmt-20007, rs-50004} open
DEBUG http-nio-8083-exec-8 druid.sql.ResultSet - {conn-10001, pstmt-20007, rs-50004} Header: [num, count, name, to, from, subject, text]
DEBUG http-nio-8083-exec-8 druid.sql.ResultSet - {conn-10001, pstmt-20007, rs-50004} closed
DEBUG http-nio-8083-exec-8 druid.sql.Statement - {conn-10001, pstmt-20007} closed
DEBUG http-nio-8083-exec-8 druid.sql.Connection - {conn-10001} pool-recycle
DEBUG http-nio-8083-exec-9 druid.sql.Connection - {conn-10001} pool-connect
DEBUG http-nio-8083-exec-9 druid.sql.Statement - {conn-10001, pstmt-20008} created. insert into mail(`num`, `count`, `name`, `to`, `from`, `subject`, `text`) values(?, ?, ?, ?, ?, ?, ?)
DEBUG http-nio-8083-exec-9 druid.sql.Statement - {conn-10001, pstmt-20008} Parameters : [2, 0, dsa, 1543625674@qq.com, northboat@qq.com, 添加查看主键, 主键哈哈哈]
DEBUG http-nio-8083-exec-9 druid.sql.Statement - {conn-10001, pstmt-20008} Types : [INTEGER, INTEGER, VARCHAR, VARCHAR, VARCHAR, VARCHAR, VARCHAR]
DEBUG http-nio-8083-exec-9 druid.sql.Statement - {conn-10001, pstmt-20008} executed. 78.5199 millis. insert into mail(`num`, `count`, `name`, `to`, `from`, `subject`, `text`) values(?, ?, ?, ?, ?, ?, ?)
DEBUG http-nio-8083-exec-9 druid.sql.Statement - {conn-10001, pstmt-20008} closed
DEBUG http-nio-8083-exec-9 druid.sql.Connection - {conn-10001} pool-recycle
DEBUG http-nio-8083-exec-10 druid.sql.Connection - {conn-10001} pool-connect
DEBUG http-nio-8083-exec-10 druid.sql.Statement - {conn-10001, pstmt-20009} created. select * from `mail`
DEBUG http-nio-8083-exec-10 druid.sql.Statement - {conn-10001, pstmt-20009} Parameters : []
DEBUG http-nio-8083-exec-10 druid.sql.Statement - {conn-10001, pstmt-20009} Types : []
DEBUG http-nio-8083-exec-10 druid.sql.Statement - {conn-10001, pstmt-20009} executed. 40.8633 millis. select * from `mail`
DEBUG http-nio-8083-exec-10 druid.sql.ResultSet - {conn-10001, pstmt-20009, rs-50005} open
DEBUG http-nio-8083-exec-10 druid.sql.ResultSet - {conn-10001, pstmt-20009, rs-50005} Header: [num, count, name, to, from, subject, text]
DEBUG http-nio-8083-exec-10 druid.sql.ResultSet - {conn-10001, pstmt-20009, rs-50005} Result: [2, 0, dsa, 1543625674@qq.com, northboat@qq.com, 添加查看主键, 主键哈哈哈]
DEBUG http-nio-8083-exec-10 druid.sql.ResultSet - {conn-10001, pstmt-20009, rs-50005} closed
DEBUG http-nio-8083-exec-10 druid.sql.Statement - {conn-10001, pstmt-20009} closed
DEBUG http-nio-8083-exec-10 druid.sql.Connection - {conn-10001} pool-recycle
DEBUG Druid-ConnectionPool-Create-1736264271 druid.sql.Connection - {conn-10001,procId-800} connected
DEBUG http-nio-8083-exec-9 druid.sql.Connection - {conn-10001} pool-connect
DEBUG http-nio-8083-exec-9 druid.sql.Statement - {conn-10001, pstmt-20000} created. select * from `mail`
DEBUG http-nio-8083-exec-9 druid.sql.Statement - {conn-10001, pstmt-20000} Parameters : []
DEBUG http-nio-8083-exec-9 druid.sql.Statement - {conn-10001, pstmt-20000} Types : []
DEBUG http-nio-8083-exec-9 druid.sql.Statement - {conn-10001, pstmt-20000} executed. 48.4583 millis. select * from `mail`
DEBUG http-nio-8083-exec-9 druid.sql.ResultSet - {conn-10001, pstmt-20000, rs-50000} open
DEBUG http-nio-8083-exec-9 druid.sql.ResultSet - {conn-10001, pstmt-20000, rs-50000} Header: [num, count, name, to, from, subject, text]
DEBUG http-nio-8083-exec-9 druid.sql.ResultSet - {conn-10001, pstmt-20000, rs-50000} Result: [2, 0, dsa, 1543625674@qq.com, northboat@qq.com, 添加查看主键, 主键哈哈哈]
DEBUG http-nio-8083-exec-9 druid.sql.ResultSet - {conn-10001, pstmt-20000, rs-50000} closed
DEBUG http-nio-8083-exec-9 druid.sql.Statement - {conn-10001, pstmt-20000} closed
DEBUG http-nio-8083-exec-9 druid.sql.Connection - {conn-10001} pool-recycle
DEBUG Druid-ConnectionPool-Create-1629917782 druid.sql.Connection - {conn-10001,procId-801} connected
DEBUG http-nio-8083-exec-4 druid.sql.Connection - {conn-10001} pool-connect
DEBUG http-nio-8083-exec-4 druid.sql.Statement - {conn-10001, pstmt-20000} created. select * from `mail`
DEBUG http-nio-8083-exec-4 druid.sql.Statement - {conn-10001, pstmt-20000} Parameters : []
DEBUG http-nio-8083-exec-4 druid.sql.Statement - {conn-10001, pstmt-20000} Types : []
DEBUG http-nio-8083-exec-4 druid.sql.Statement - {conn-10001, pstmt-20000} executed. 46.862899 millis. select * from `mail`
DEBUG http-nio-8083-exec-4 druid.sql.ResultSet - {conn-10001, pstmt-20000, rs-50000} open
DEBUG http-nio-8083-exec-4 druid.sql.ResultSet - {conn-10001, pstmt-20000, rs-50000} Header: [num, count, name, to, from, subject, text]
DEBUG http-nio-8083-exec-4 druid.sql.ResultSet - {conn-10001, pstmt-20000, rs-50000} Result: [2, 0, dsa, 1543625674@qq.com, northboat@qq.com, 添加查看主键, 主键哈哈哈]
DEBUG http-nio-8083-exec-4 druid.sql.ResultSet - {conn-10001, pstmt-20000, rs-50000} closed
DEBUG http-nio-8083-exec-4 druid.sql.Statement - {conn-10001, pstmt-20000} closed
DEBUG http-nio-8083-exec-4 druid.sql.Connection - {conn-10001} pool-recycle
DEBUG http-nio-8083-exec-5 druid.sql.Connection - {conn-10001} pool-connect
DEBUG http-nio-8083-exec-5 druid.sql.Statement - {conn-10001, pstmt-20001} created. select * from `mail`
DEBUG http-nio-8083-exec-5 druid.sql.Statement - {conn-10001, pstmt-20001} Parameters : []
DEBUG http-nio-8083-exec-5 druid.sql.Statement - {conn-10001, pstmt-20001} Types : []
DEBUG http-nio-8083-exec-5 druid.sql.Statement - {conn-10001, pstmt-20001} executed. 44.812999 millis. select * from `mail`
DEBUG http-nio-8083-exec-5 druid.sql.ResultSet - {conn-10001, pstmt-20001, rs-50001} open
DEBUG http-nio-8083-exec-5 druid.sql.ResultSet - {conn-10001, pstmt-20001, rs-50001} Header: [num, count, name, to, from, subject, text]
DEBUG http-nio-8083-exec-5 druid.sql.ResultSet - {conn-10001, pstmt-20001, rs-50001} Result: [2, 0, dsa, 1543625674@qq.com, northboat@qq.com, 添加查看主键, 主键哈哈哈]
DEBUG http-nio-8083-exec-5 druid.sql.ResultSet - {conn-10001, pstmt-20001, rs-50001} closed
DEBUG http-nio-8083-exec-5 druid.sql.Statement - {conn-10001, pstmt-20001} closed
DEBUG http-nio-8083-exec-5 druid.sql.Connection - {conn-10001} pool-recycle
DEBUG http-nio-8083-exec-5 druid.sql.Connection - {conn-10001} pool-connect
DEBUG http-nio-8083-exec-5 druid.sql.Statement - {conn-10001, pstmt-20002} created. update `mail` set `count`=? where `num`=?
DEBUG http-nio-8083-exec-5 druid.sql.Statement - {conn-10001, pstmt-20002} Parameters : [1, 2]
DEBUG http-nio-8083-exec-5 druid.sql.Statement - {conn-10001, pstmt-20002} Types : [INTEGER, INTEGER]
DEBUG http-nio-8083-exec-5 druid.sql.Statement - {conn-10001, pstmt-20002} executed. 84.9466 millis. update `mail` set `count`=? where `num`=?
DEBUG http-nio-8083-exec-5 druid.sql.Statement - {conn-10001, pstmt-20002} closed
DEBUG http-nio-8083-exec-5 druid.sql.Connection - {conn-10001} pool-recycle
DEBUG Druid-ConnectionPool-Create-1917476127 druid.sql.Connection - {conn-10001,procId-809} connected
DEBUG http-nio-8083-exec-4 druid.sql.Connection - {conn-10001} pool-connect
DEBUG Druid-ConnectionPool-Create-1917476127 druid.sql.Connection - {conn-10002,procId-810} connected
DEBUG http-nio-8083-exec-4 druid.sql.Statement - {conn-10001, pstmt-20000} created. select * from `mail`
DEBUG http-nio-8083-exec-4 druid.sql.Statement - {conn-10001, pstmt-20000} Parameters : []
DEBUG http-nio-8083-exec-4 druid.sql.Statement - {conn-10001, pstmt-20000} Types : []
DEBUG http-nio-8083-exec-3 druid.sql.Connection - {conn-10002} pool-connect
DEBUG http-nio-8083-exec-3 druid.sql.Statement - {conn-10002, pstmt-20001} created. select * from `mail`
DEBUG http-nio-8083-exec-3 druid.sql.Statement - {conn-10002, pstmt-20001} Parameters : []
DEBUG http-nio-8083-exec-3 druid.sql.Statement - {conn-10002, pstmt-20001} Types : []
DEBUG http-nio-8083-exec-3 druid.sql.Statement - {conn-10002, pstmt-20001} executed. 279.2397 millis. select * from `mail`
DEBUG http-nio-8083-exec-4 druid.sql.Statement - {conn-10001, pstmt-20000} executed. 314.6106 millis. select * from `mail`
DEBUG http-nio-8083-exec-4 druid.sql.ResultSet - {conn-10001, pstmt-20000, rs-50001} open
DEBUG http-nio-8083-exec-3 druid.sql.ResultSet - {conn-10002, pstmt-20001, rs-50000} open
DEBUG http-nio-8083-exec-3 druid.sql.ResultSet - {conn-10002, pstmt-20001, rs-50000} Header: [num, count, name, to, from, subject, text]
DEBUG http-nio-8083-exec-4 druid.sql.ResultSet - {conn-10001, pstmt-20000, rs-50001} Header: [num, count, name, to, from, subject, text]
DEBUG http-nio-8083-exec-4 druid.sql.ResultSet - {conn-10001, pstmt-20000, rs-50001} Result: [2, 1, dsa, 1543625674@qq.com, northboat@qq.com, 添加查看主键, 主键哈哈哈]
DEBUG http-nio-8083-exec-3 druid.sql.ResultSet - {conn-10002, pstmt-20001, rs-50000} Result: [2, 1, dsa, 1543625674@qq.com, northboat@qq.com, 添加查看主键, 主键哈哈哈]
DEBUG http-nio-8083-exec-4 druid.sql.ResultSet - {conn-10001, pstmt-20000, rs-50001} closed
DEBUG http-nio-8083-exec-3 druid.sql.ResultSet - {conn-10002, pstmt-20001, rs-50000} closed
DEBUG http-nio-8083-exec-3 druid.sql.Statement - {conn-10002, pstmt-20001} closed
DEBUG http-nio-8083-exec-4 druid.sql.Statement - {conn-10001, pstmt-20000} closed
DEBUG http-nio-8083-exec-4 druid.sql.Connection - {conn-10001} pool-recycle
DEBUG http-nio-8083-exec-3 druid.sql.Connection - {conn-10002} pool-recycle
DEBUG Druid-ConnectionPool-Create-460444981 druid.sql.Connection - {conn-10001,procId-811} connected
DEBUG http-nio-8083-exec-2 druid.sql.Connection - {conn-10001} pool-connect
DEBUG http-nio-8083-exec-2 druid.sql.Statement - {conn-10001, pstmt-20000} created. select * from `mail`
DEBUG http-nio-8083-exec-2 druid.sql.Statement - {conn-10001, pstmt-20000} Parameters : []
DEBUG http-nio-8083-exec-2 druid.sql.Statement - {conn-10001, pstmt-20000} Types : []
DEBUG http-nio-8083-exec-2 druid.sql.Statement - {conn-10001, pstmt-20000} executed. 45.6833 millis. select * from `mail`
DEBUG http-nio-8083-exec-2 druid.sql.ResultSet - {conn-10001, pstmt-20000, rs-50000} open
DEBUG http-nio-8083-exec-2 druid.sql.ResultSet - {conn-10001, pstmt-20000, rs-50000} Header: [num, count, name, to, from, subject, text]
DEBUG http-nio-8083-exec-2 druid.sql.ResultSet - {conn-10001, pstmt-20000, rs-50000} Result: [2, 1, dsa, 1543625674@qq.com, northboat@qq.com, 添加查看主键, 主键哈哈哈]
DEBUG http-nio-8083-exec-2 druid.sql.ResultSet - {conn-10001, pstmt-20000, rs-50000} closed
DEBUG http-nio-8083-exec-2 druid.sql.Statement - {conn-10001, pstmt-20000} closed
DEBUG http-nio-8083-exec-2 druid.sql.Connection - {conn-10001} pool-recycle
DEBUG Druid-ConnectionPool-Create-386079798 druid.sql.Connection - {conn-10001,procId-812} connected
DEBUG http-nio-8083-exec-4 druid.sql.Connection - {conn-10001} pool-connect
DEBUG http-nio-8083-exec-4 druid.sql.Statement - {conn-10001, pstmt-20000} created. select * from `mail`
DEBUG http-nio-8083-exec-4 druid.sql.Statement - {conn-10001, pstmt-20000} Parameters : []
DEBUG http-nio-8083-exec-4 druid.sql.Statement - {conn-10001, pstmt-20000} Types : []
DEBUG http-nio-8083-exec-4 druid.sql.Statement - {conn-10001, pstmt-20000} executed. 46.1984 millis. select * from `mail`
DEBUG http-nio-8083-exec-4 druid.sql.ResultSet - {conn-10001, pstmt-20000, rs-50000} open
DEBUG http-nio-8083-exec-4 druid.sql.ResultSet - {conn-10001, pstmt-20000, rs-50000} Header: [num, count, name, to, from, subject, text]
DEBUG http-nio-8083-exec-4 druid.sql.ResultSet - {conn-10001, pstmt-20000, rs-50000} Result: [2, 1, dsa, 1543625674@qq.com, northboat@qq.com, 添加查看主键, 主键哈哈哈]
DEBUG http-nio-8083-exec-4 druid.sql.ResultSet - {conn-10001, pstmt-20000, rs-50000} closed
DEBUG http-nio-8083-exec-4 druid.sql.Statement - {conn-10001, pstmt-20000} closed
DEBUG http-nio-8083-exec-4 druid.sql.Connection - {conn-10001} pool-recycle
DEBUG http-nio-8083-exec-9 druid.sql.Connection - {conn-10001} pool-connect
DEBUG http-nio-8083-exec-9 druid.sql.Statement - {conn-10001, pstmt-20001} created. select * from `mail`
DEBUG http-nio-8083-exec-9 druid.sql.Statement - {conn-10001, pstmt-20001} Parameters : []
DEBUG http-nio-8083-exec-9 druid.sql.Statement - {conn-10001, pstmt-20001} Types : []
DEBUG http-nio-8083-exec-9 druid.sql.Statement - {conn-10001, pstmt-20001} executed. 38.92 millis. select * from `mail`
DEBUG http-nio-8083-exec-9 druid.sql.ResultSet - {conn-10001, pstmt-20001, rs-50001} open
DEBUG http-nio-8083-exec-9 druid.sql.ResultSet - {conn-10001, pstmt-20001, rs-50001} Header: [num, count, name, to, from, subject, text]
DEBUG http-nio-8083-exec-9 druid.sql.ResultSet - {conn-10001, pstmt-20001, rs-50001} Result: [2, 1, dsa, 1543625674@qq.com, northboat@qq.com, 添加查看主键, 主键哈哈哈]
DEBUG http-nio-8083-exec-9 druid.sql.ResultSet - {conn-10001, pstmt-20001, rs-50001} closed
DEBUG http-nio-8083-exec-9 druid.sql.Statement - {conn-10001, pstmt-20001} closed
DEBUG http-nio-8083-exec-9 druid.sql.Connection - {conn-10001} pool-recycle
DEBUG http-nio-8083-exec-9 druid.sql.Connection - {conn-10001} pool-connect
DEBUG http-nio-8083-exec-9 druid.sql.Statement - {conn-10001, pstmt-20002} created. update `mail` set `count`=? where `num`=?
DEBUG http-nio-8083-exec-9 druid.sql.Statement - {conn-10001, pstmt-20002} Parameters : [2, 2]
DEBUG http-nio-8083-exec-9 druid.sql.Statement - {conn-10001, pstmt-20002} Types : [INTEGER, INTEGER]
DEBUG http-nio-8083-exec-9 druid.sql.Statement - {conn-10001, pstmt-20002} executed. 78.8946 millis. update `mail` set `count`=? where `num`=?
DEBUG http-nio-8083-exec-9 druid.sql.Statement - {conn-10001, pstmt-20002} closed
DEBUG http-nio-8083-exec-9 druid.sql.Connection - {conn-10001} pool-recycle
DEBUG http-nio-8083-exec-6 druid.sql.Connection - {conn-10001} pool-connect
DEBUG http-nio-8083-exec-6 druid.sql.Statement - {conn-10001, pstmt-20003} created. select * from `mail`
DEBUG http-nio-8083-exec-6 druid.sql.Statement - {conn-10001, pstmt-20003} Parameters : []
DEBUG http-nio-8083-exec-6 druid.sql.Statement - {conn-10001, pstmt-20003} Types : []
DEBUG http-nio-8083-exec-6 druid.sql.Statement - {conn-10001, pstmt-20003} executed. 38.6942 millis. select * from `mail`
DEBUG http-nio-8083-exec-6 druid.sql.ResultSet - {conn-10001, pstmt-20003, rs-50002} open
DEBUG http-nio-8083-exec-6 druid.sql.ResultSet - {conn-10001, pstmt-20003, rs-50002} Header: [num, count, name, to, from, subject, text]
DEBUG http-nio-8083-exec-6 druid.sql.ResultSet - {conn-10001, pstmt-20003, rs-50002} Result: [2, 2, dsa, 1543625674@qq.com, northboat@qq.com, 添加查看主键, 主键哈哈哈]
DEBUG http-nio-8083-exec-6 druid.sql.ResultSet - {conn-10001, pstmt-20003, rs-50002} closed
DEBUG http-nio-8083-exec-6 druid.sql.Statement - {conn-10001, pstmt-20003} closed
DEBUG http-nio-8083-exec-6 druid.sql.Connection - {conn-10001} pool-recycle
